0 info it worked if it ends with ok
1 verbose cli [ 'node', '/usr/local/bin/npm', 'run', 'app.js' ]
2 info using npm@2.2.0
3 info using node@v0.10.30
4 verbose node symlink /usr/local/bin/node
5 verbose stack Error: missing script: app.js
5 verbose stack     at run (/usr/local/lib/node_modules/npm/lib/run-script.js:138:19)
5 verbose stack     at /usr/local/lib/node_modules/npm/lib/run-script.js:81:5
5 verbose stack     at /usr/local/lib/node_modules/npm/node_modules/read-package-json/read-json.js:51:40
5 verbose stack     at final (/usr/local/lib/node_modules/npm/node_modules/read-package-json/read-json.js:349:17)
5 verbose stack     at then (/usr/local/lib/node_modules/npm/node_modules/read-package-json/read-json.js:126:33)
5 verbose stack     at /usr/local/lib/node_modules/npm/node_modules/read-package-json/read-json.js:316:48
5 verbose stack     at evalmachine.<anonymous>:207:20
5 verbose stack     at OpenReq.Req.done (/usr/local/lib/node_modules/npm/node_modules/graceful-fs/graceful-fs.js:141:5)
5 verbose stack     at OpenReq.done (/usr/local/lib/node_modules/npm/node_modules/graceful-fs/graceful-fs.js:61:22)
5 verbose stack     at Object.oncomplete (evalmachine.<anonymous>:107:15)
6 verbose cwd /Users/p.samaddar/Workspace/nodejs/trial/node-website
7 error Darwin 13.4.0
8 error argv "node" "/usr/local/bin/npm" "run" "app.js"
9 error node v0.10.30
10 error npm  v2.2.0
11 error missing script: app.js
12 error If you need help, you may report this error at:
12 error     <http://github.com/npm/npm/issues>
13 verbose exit [ 1, true ]
